<?xml version="1.0" encoding="UTF-8"?>
<!-- Generated by org.testng.reporters.JUnitReportReporter -->
<testsuite skipped="0" hostname="DESKTOP-531T4BG" name="org.testing.TestScripts.FetchWeatherReport" tests="1" failures="0" timestamp="2021-07-26T03:48:50 IST" time="17.820" errors="0">
  <testcase name="retriveReport" time="17.820" classname="org.testing.TestScripts.FetchWeatherReport"/>
  <system-out/>
</testsuite> <!-- org.testing.TestScripts.FetchWeatherReport -->
