<?xml version="1.0" encoding="UTF-8"?>
<!-- Generated by org.testng.reporters.JUnitReportReporter -->
<testsuite skipped="0" hostname="DESKTOP-531T4BG" name="org.testing.Base.UI_UrlHit" tests="1" failures="0" timestamp="2021-07-23T13:47:26 IST" time="9.228" errors="0">
  <testcase name="browserLaunchUrlHit" time="9.228" classname="org.testing.Base.UI_UrlHit"/>
  <system-out/>
</testsuite> <!-- org.testing.Base.UI_UrlHit -->
