<?xml version="1.0" encoding="UTF-8"?>
<!-- Generated by org.testng.reporters.JUnitReportReporter -->
<testsuite skipped="0" hostname="DESKTOP-531T4BG" name="org.testing.TestScripts.WeatherReportUsingAPI" tests="1" failures="0" timestamp="2021-07-26T04:13:38 IST" time="2.728" errors="0">
  <testcase name="weatherReportByAPI" time="2.728" classname="org.testing.TestScripts.WeatherReportUsingAPI"/>
  <system-out/>
</testsuite> <!-- org.testing.TestScripts.WeatherReportUsingAPI -->
