<?xml version="1.0" encoding="UTF-8"?>
<!-- Generated by org.testng.reporters.JUnitReportReporter -->
<testsuite skipped="0" hostname="DESKTOP-531T4BG" name="org.testing.TestScripts.FetchWeatherReportUsingUI" tests="1" failures="0" timestamp="2021-07-26T04:13:38 IST" time="22.031" errors="0">
  <testcase name="retriveReport" time="22.031" classname="org.testing.TestScripts.FetchWeatherReportUsingUI"/>
  <system-out/>
</testsuite> <!-- org.testing.TestScripts.FetchWeatherReportUsingUI -->
