<?xml version="1.0" encoding="UTF-8"?>
<!-- Generated by org.testng.reporters.JUnitReportReporter -->
<testsuite skipped="0" hostname="DESKTOP-531T4BG" name="org.testing.TestScripts.WeatherReportUsingAPI" tests="1" failures="0" timestamp="2021-07-31T17:18:36 IST" time="5.883" errors="0">
  <testcase name="weatherReportByAPI" time="5.883" classname="org.testing.TestScripts.WeatherReportUsingAPI"/>
  <system-out/>
</testsuite> <!-- org.testing.TestScripts.WeatherReportUsingAPI -->
